This is pdfTeX, Version 3.14159265-2.6-1.40.20 (TeX Live 2019/W32TeX) (preloaded format=pdflatex 2020.1.11)  24 APR 2020 13:30
entering extended mode
 restricted \write18 enabled.
 %&-line parsing enabled.
**report.tex
(./report.tex
LaTeX2e <2018-12-01>
(./llncs.cls
Document Class: llncs 2018/03/10 v2.20 
 LaTeX document class for Lecture Notes in Computer Science
(e:/mylatex/texlive/2019/texmf-dist/tex/latex/base/article.cls
Document Class: article 2018/09/03 v1.4i Standard LaTeX document class
(e:/mylatex/texlive/2019/texmf-dist/tex/latex/base/size10.clo
File: size10.clo 2018/09/03 v1.4i Standard LaTeX file (size option)
)
\c@part=\count80
\c@section=\count81
\c@subsection=\count82
\c@subsubsection=\count83
\c@paragraph=\count84
\c@subparagraph=\count85
\c@figure=\count86
\c@table=\count87
\abovecaptionskip=\skip41
\belowcaptionskip=\skip42
\bibindent=\dimen102
)
(e:/mylatex/texlive/2019/texmf-dist/tex/latex/tools/multicol.sty
Package: multicol 2018/12/27 v1.8v multicolumn formatting (FMi)
\c@tracingmulticols=\count88
\mult@box=\box27
\multicol@leftmargin=\dimen103
\c@unbalance=\count89
\c@collectmore=\count90
\doublecol@number=\count91
\multicoltolerance=\count92
\multicolpretolerance=\count93
\full@width=\dimen104
\page@free=\dimen105
\premulticols=\dimen106
\postmulticols=\dimen107
\multicolsep=\skip43
\multicolbaselineskip=\skip44
\partial@page=\box28
\last@line=\box29
\maxbalancingoverflow=\dimen108
\mult@rightbox=\box30
\mult@grightbox=\box31
\mult@gfirstbox=\box32
\mult@firstbox=\box33
\@tempa=\box34
\@tempa=\box35
\@tempa=\box36
\@tempa=\box37
\@tempa=\box38
\@tempa=\box39
\@tempa=\box40
\@tempa=\box41
\@tempa=\box42
\@tempa=\box43
\@tempa=\box44
\@tempa=\box45
\@tempa=\box46
\@tempa=\box47
\@tempa=\box48
\@tempa=\box49
\@tempa=\box50
\c@columnbadness=\count94
\c@finalcolumnbadness=\count95
\last@try=\dimen109
\multicolovershoot=\dimen110
\multicolundershoot=\dimen111
\mult@nat@firstbox=\box51
\colbreak@box=\box52
\mc@col@check@num=\count96
)
(e:/mylatex/texlive/2019/texmf-dist/tex/latex/oberdiek/aliascnt.sty
Package: aliascnt 2018/09/07 v1.5 Alias counters (HO)
)
\c@chapter=\count97
LaTeX Font Info:    Redeclaring math symbol \Gamma on input line 362.
LaTeX Font Info:    Redeclaring math symbol \Delta on input line 363.
LaTeX Font Info:    Redeclaring math symbol \Theta on input line 364.
LaTeX Font Info:    Redeclaring math symbol \Lambda on input line 365.
LaTeX Font Info:    Redeclaring math symbol \Xi on input line 366.
LaTeX Font Info:    Redeclaring math symbol \Pi on input line 367.
LaTeX Font Info:    Redeclaring math symbol \Sigma on input line 368.
LaTeX Font Info:    Redeclaring math symbol \Upsilon on input line 369.
LaTeX Font Info:    Redeclaring math symbol \Phi on input line 370.
LaTeX Font Info:    Redeclaring math symbol \Psi on input line 371.
LaTeX Font Info:    Redeclaring math symbol \Omega on input line 372.
\tocchpnum=\dimen112
\tocsecnum=\dimen113
\tocsectotal=\dimen114
\tocsubsecnum=\dimen115
\tocsubsectotal=\dimen116
\tocsubsubsecnum=\dimen117
\tocsubsubsectotal=\dimen118
\tocparanum=\dimen119
\tocparatotal=\dimen120
\tocsubparanum=\dimen121
\@tempcntc=\count98
\fnindent=\dimen122
\c@@inst=\count99
\c@@auth=\count100
\c@auco=\count101
\instindent=\dimen123
\authrun=\box53
\authorrunning=\toks14
\tocauthor=\toks15
\titrun=\box54
\titlerunning=\toks16
\toctitle=\toks17
\c@theorem=\count102
\c@case=\count103
\c@conjecture=\count104
\c@corollary=\count105
\c@definition=\count106
\c@example=\count107
\c@exercise=\count108
\c@lemma=\count109
\c@note=\count110
\c@problem=\count111
\c@property=\count112
\c@proposition=\count113
\c@question=\count114
\c@solution=\count115
\c@remark=\count116
\headlineindent=\dimen124
)
(e:/mylatex/texlive/2019/texmf-dist/tex/latex/graphics/graphicx.sty
Package: graphicx 2017/06/01 v1.1a Enhanced LaTeX Graphics (DPC,SPQR)

(e:/mylatex/texlive/2019/texmf-dist/tex/latex/graphics/keyval.sty
Package: keyval 2014/10/28 v1.15 key=value parser (DPC)
\KV@toks@=\toks18
)
(e:/mylatex/texlive/2019/texmf-dist/tex/latex/graphics/graphics.sty
Package: graphics 2017/06/25 v1.2c Standard LaTeX Graphics (DPC,SPQR)

(e:/mylatex/texlive/2019/texmf-dist/tex/latex/graphics/trig.sty
Package: trig 2016/01/03 v1.10 sin cos tan (DPC)
)
(e:/mylatex/texlive/2019/texmf-dist/tex/latex/graphics-cfg/graphics.cfg
File: graphics.cfg 2016/06/04 v1.11 sample graphics configuration
)
Package graphics Info: Driver file: pdftex.def on input line 99.

(e:/mylatex/texlive/2019/texmf-dist/tex/latex/graphics-def/pdftex.def
File: pdftex.def 2018/01/08 v1.0l Graphics/color driver for pdftex
))
\Gin@req@height=\dimen125
\Gin@req@width=\dimen126
)
(e:/mylatex/texlive/2019/texmf-dist/tex/latex/subfigure/subfigure.sty
Package: subfigure 2002/03/15 v2.1.5 subfigure package
\subfigtopskip=\skip45
\subfigcapskip=\skip46
\subfigcaptopadj=\dimen127
\subfigbottomskip=\skip47
\subfigcapmargin=\dimen128
\subfiglabelskip=\skip48
\c@subfigure=\count117
\c@lofdepth=\count118
\c@subtable=\count119
\c@lotdepth=\count120

****************************************
* Local config file subfigure.cfg used *
****************************************
(e:/mylatex/texlive/2019/texmf-dist/tex/latex/subfigure/subfigure.cfg)
\subfig@top=\skip49
\subfig@bottom=\skip50
)
(./report.aux)
\openout1 = `report.aux'.

LaTeX Font Info:    Checking defaults for OML/cmm/m/it on input line 16.
LaTeX Font Info:    ... okay on input line 16.
LaTeX Font Info:    Checking defaults for T1/cmr/m/n on input line 16.
LaTeX Font Info:    ... okay on input line 16.
LaTeX Font Info:    Checking defaults for OT1/cmr/m/n on input line 16.
LaTeX Font Info:    ... okay on input line 16.
LaTeX Font Info:    Checking defaults for OMS/cmsy/m/n on input line 16.
LaTeX Font Info:    ... okay on input line 16.
LaTeX Font Info:    Checking defaults for OMX/cmex/m/n on input line 16.
LaTeX Font Info:    ... okay on input line 16.
LaTeX Font Info:    Checking defaults for U/cmr/m/n on input line 16.
LaTeX Font Info:    ... okay on input line 16.

(e:/mylatex/texlive/2019/texmf-dist/tex/context/base/mkii/supp-pdf.mkii
[Loading MPS to PDF converter (version 2006.09.02).]
\scratchcounter=\count121
\scratchdimen=\dimen129
\scratchbox=\box55
\nofMPsegments=\count122
\nofMParguments=\count123
\everyMPshowfont=\toks19
\MPscratchCnt=\count124
\MPscratchDim=\dimen130
\MPnumerator=\count125
\makeMPintoPDFobject=\count126
\everyMPtoPDFconversion=\toks20
) (e:/mylatex/texlive/2019/texmf-dist/tex/latex/oberdiek/epstopdf-base.sty
Package: epstopdf-base 2016/05/15 v2.6 Base part for package epstopdf

(e:/mylatex/texlive/2019/texmf-dist/tex/generic/oberdiek/infwarerr.sty
Package: infwarerr 2016/05/16 v1.4 Providing info/warning/error messages (HO)
)
(e:/mylatex/texlive/2019/texmf-dist/tex/latex/oberdiek/grfext.sty
Package: grfext 2016/05/16 v1.2 Manage graphics extensions (HO)

(e:/mylatex/texlive/2019/texmf-dist/tex/generic/oberdiek/kvdefinekeys.sty
Package: kvdefinekeys 2016/05/16 v1.4 Define keys (HO)

(e:/mylatex/texlive/2019/texmf-dist/tex/generic/oberdiek/ltxcmds.sty
Package: ltxcmds 2016/05/16 v1.23 LaTeX kernel commands for general use (HO)
)))
(e:/mylatex/texlive/2019/texmf-dist/tex/latex/oberdiek/kvoptions.sty
Package: kvoptions 2016/05/16 v3.12 Key value format for package options (HO)

(e:/mylatex/texlive/2019/texmf-dist/tex/generic/oberdiek/kvsetkeys.sty
Package: kvsetkeys 2016/05/16 v1.17 Key value parser (HO)

(e:/mylatex/texlive/2019/texmf-dist/tex/generic/oberdiek/etexcmds.sty
Package: etexcmds 2016/05/16 v1.6 Avoid name clashes with e-TeX commands (HO)

(e:/mylatex/texlive/2019/texmf-dist/tex/generic/oberdiek/ifluatex.sty
Package: ifluatex 2016/05/16 v1.4 Provides the ifluatex switch (HO)
Package ifluatex Info: LuaTeX not detected.
))))
(e:/mylatex/texlive/2019/texmf-dist/tex/generic/oberdiek/pdftexcmds.sty
Package: pdftexcmds 2018/09/10 v0.29 Utility functions of pdfTeX for LuaTeX (HO
)

(e:/mylatex/texlive/2019/texmf-dist/tex/generic/oberdiek/ifpdf.sty
Package: ifpdf 2018/09/07 v3.3 Provides the ifpdf switch
)
Package pdftexcmds Info: LuaTeX not detected.
Package pdftexcmds Info: \pdf@primitive is available.
Package pdftexcmds Info: \pdf@ifprimitive is available.
Package pdftexcmds Info: \pdfdraftmode found.
)
Package epstopdf-base Info: Redefining graphics rule for `.eps' on input line 4
38.
Package grfext Info: Graphics extension search list:
(grfext)             [.pdf,.png,.jpg,.mps,.jpeg,.jbig2,.jb2,.PDF,.PNG,.JPG,.JPE
G,.JBIG2,.JB2,.eps]
(grfext)             \AppendGraphicsExtensions on input line 456.

(e:/mylatex/texlive/2019/texmf-dist/tex/latex/latexconfig/epstopdf-sys.cfg
File: epstopdf-sys.cfg 2010/07/13 v1.3 Configuration of (r)epstopdf for TeX Liv
e
))
LaTeX Font Info:    External font `cmex10' loaded for size
(Font)              <7> on input line 41.
LaTeX Font Info:    External font `cmex10' loaded for size
(Font)              <5> on input line 41.
LaTeX Font Info:    External font `cmex10' loaded for size
(Font)              <9> on input line 41.
LaTeX Font Info:    External font `cmex10' loaded for size
(Font)              <6> on input line 41.
LaTeX Font Info:    Try loading font information for OMS+cmtt on input line 41.

LaTeX Font Info:    No file OMScmtt.fd. on input line 41.


LaTeX Font Warning: Font shape `OMS/cmtt/m/n' undefined
(Font)              using `OMS/cmsy/m/n' instead
(Font)              for symbol `textbraceleft' on input line 41.

LaTeX Font Info:    Try loading font information for OMS+cmr on input line 47.
(e:/mylatex/texlive/2019/texmf-dist/tex/latex/base/omscmr.fd
File: omscmr.fd 2014/09/29 v2.5h Standard LaTeX font definitions
)
LaTeX Font Info:    Font shape `OMS/cmr/m/n' in size <9> not available
(Font)              Font shape `OMS/cmsy/m/n' tried instead on input line 47.
 [1

{e:/mylatex/texlive/2019/texmf-var/fonts/map/pdftex/updmap/pdftex.map}]
Underfull \vbox (badness 10000) has occurred while \output is active []

 [2]
<figures/p1.png, id=18, 895.345pt x 266.9975pt>
File: figures/p1.png Graphic file (type png)
<use figures/p1.png>
Package pdftex.def Info: figures/p1.png  used on input line 81.
(pdftex.def)             Requested size: 289.07999pt x 86.20685pt.
<figures/p2.png, id=20, 529.98pt x 318.18875pt>
File: figures/p2.png Graphic file (type png)
<use figures/p2.png>
Package pdftex.def Info: figures/p2.png  used on input line 92.
(pdftex.def)             Requested size: 289.07999pt x 173.5575pt.

[3 <./figures/p1.png>]
<figures/20180117221359702.png, id=27, 303.38344pt x 2043.88594pt>
File: figures/20180117221359702.png Graphic file (type png)
<use figures/20180117221359702.png>
Package pdftex.def Info: figures/20180117221359702.png  used on input line 108.

(pdftex.def)             Requested size: 86.72377pt x 584.26004pt.


LaTeX Warning: Float too large for page by 57.87177pt on input line 111.

<figures/vgg.png, id=28, 1144.275pt x 651.93562pt>
File: figures/vgg.png Graphic file (type png)
<use figures/vgg.png>
Package pdftex.def Info: figures/vgg.png  used on input line 117.
(pdftex.def)             Requested size: 289.07999pt x 164.6945pt.
<figures/vgg2.png, id=29, 1598.97375pt x 442.65375pt>
File: figures/vgg2.png Graphic file (type png)
<use figures/vgg2.png>
Package pdftex.def Info: figures/vgg2.png  used on input line 125.
(pdftex.def)             Requested size: 289.07999pt x 80.02545pt.
[4 <./figures/p2.png>] [5 <./figures/20180117221359702.png>] [6 <./figures/vgg.
png> <./figures/vgg2.png>]
<figures/transfer.png, id=44, 1118.1775pt x 687.56876pt>
File: figures/transfer.png Graphic file (type png)
<use figures/transfer.png>
Package pdftex.def Info: figures/transfer.png  used on input line 141.
(pdftex.def)             Requested size: 238.49121pt x 146.63887pt.
<figures/cifar10.png, id=45, 950.55125pt x 746.79pt>
File: figures/cifar10.png Graphic file (type png)
<use figures/cifar10.png>
Package pdftex.def Info: figures/cifar10.png  used on input line 150.
(pdftex.def)             Requested size: 216.81pt x 170.3337pt.


LaTeX Warning: `h' float specifier changed to `ht'.

[7 <./figures/transfer.png>]
LaTeX Font Info:    Font shape `OMS/cmr/m/n' in size <10> not available
(Font)              Font shape `OMS/cmsy/m/n' tried instead on input line 164.
 [8 <./figures/cifar10.png>]
<figures/result1.png, id=55, 462.82pt x 346.75pt>
File: figures/result1.png Graphic file (type png)
<use figures/result1.png>
Package pdftex.def Info: figures/result1.png  used on input line 179.
(pdftex.def)             Requested size: 202.35622pt x 151.60751pt.

Overfull \hbox (28.79445pt too wide) in paragraph at lines 179--180
 [][] 
 []

<figures/result2.png, id=56, 462.82pt x 346.75pt>
File: figures/result2.png Graphic file (type png)
<use figures/result2.png>
Package pdftex.def Info: figures/result2.png  used on input line 185.
(pdftex.def)             Requested size: 202.35622pt x 151.60751pt.

Overfull \hbox (28.79445pt too wide) in paragraph at lines 185--186
 [][] 
 []


Overfull \hbox (20.55542pt too wide) in paragraph at lines 177--188
[][]  [] 
 []

<figures/result3.png, id=57, 462.82pt x 346.75pt>
File: figures/result3.png Graphic file (type png)
<use figures/result3.png>
Package pdftex.def Info: figures/result3.png  used on input line 198.
(pdftex.def)             Requested size: 202.35622pt x 151.60751pt.

Overfull \hbox (28.79445pt too wide) in paragraph at lines 198--199
[][] 
 []

<figures/result4.png, id=58, 448.5558pt x 414.348pt>
File: figures/result4.png Graphic file (type png)
<use figures/result4.png>
Package pdftex.def Info: figures/result4.png  used on input line 203.
(pdftex.def)             Requested size: 158.99377pt x 146.87012pt.

Overfull \hbox (20.55542pt too wide) in paragraph at lines 197--206
[][]  [] 
 []

[9 <./figures/result1.png> <./figures/result2.png>]
Package epstopdf Info: Source file: <fig1.eps>
(epstopdf)                    date: 2020-04-24 00:01:11
(epstopdf)                    size: 357553 bytes
(epstopdf)             Output file: <fig1-eps-converted-to.pdf>
(epstopdf)                    date: 2020-04-24 00:02:13
(epstopdf)                    size: 36486 bytes
(epstopdf)             Command: <repstopdf --outfile=fig1-eps-converted-to.pdf 
fig1.eps>
(epstopdf)             \includegraphics on input line 240.
Package epstopdf Info: Output file is already uptodate.
<fig1-eps-converted-to.pdf, id=64, 345.29pt x 142.5325pt>
File: fig1-eps-converted-to.pdf Graphic file (type pdf)
<use fig1-eps-converted-to.pdf>
Package pdftex.def Info: fig1-eps-converted-to.pdf  used on input line 240.
(pdftex.def)             Requested size: 347.12354pt x 143.29115pt.
 (./report.bbl [10 <./figures/result3.png> <./figures/result4.png>] [11 <./fig1
-eps-converted-to.pdf>])
[12] (./report.aux)

LaTeX Font Warning: Some font shapes were not available, defaults substituted.

 ) 
Here is how much of TeX's memory you used:
 2127 strings out of 492623
 29923 string characters out of 6129530
 101205 words of memory out of 5000000
 6009 multiletter control sequences out of 15000+600000
 8147 words of font info for 29 fonts, out of 8000000 for 9000
 1141 hyphenation exceptions out of 8191
 41i,8n,25p,1118b,297s stack positions out of 5000i,500n,10000p,200000b,80000s
<e:/mylatex/texlive/2019/texmf-dist/fonts/type1/public/amsfonts/cm/cmbx10.pfb
><e:/mylatex/texlive/2019/texmf-dist/fonts/type1/public/amsfonts/cm/cmbx12.pfb>
<e:/mylatex/texlive/2019/texmf-dist/fonts/type1/public/amsfonts/cm/cmbx9.pfb><e
:/mylatex/texlive/2019/texmf-dist/fonts/type1/public/amsfonts/cm/cmmi10.pfb><e:
/mylatex/texlive/2019/texmf-dist/fonts/type1/public/amsfonts/cm/cmr10.pfb><e:/m
ylatex/texlive/2019/texmf-dist/fonts/type1/public/amsfonts/cm/cmr6.pfb><e:/myla
tex/texlive/2019/texmf-dist/fonts/type1/public/amsfonts/cm/cmr7.pfb><e:/mylatex
/texlive/2019/texmf-dist/fonts/type1/public/amsfonts/cm/cmr9.pfb><e:/mylatex/te
xlive/2019/texmf-dist/fonts/type1/public/amsfonts/cm/cmsy10.pfb><e:/mylatex/tex
live/2019/texmf-dist/fonts/type1/public/amsfonts/cm/cmsy7.pfb><e:/mylatex/texli
ve/2019/texmf-dist/fonts/type1/public/amsfonts/cm/cmsy9.pfb><e:/mylatex/texlive
/2019/texmf-dist/fonts/type1/public/amsfonts/cm/cmti10.pfb><e:/mylatex/texlive/
2019/texmf-dist/fonts/type1/public/amsfonts/cm/cmti9.pfb><e:/mylatex/texlive/20
19/texmf-dist/fonts/type1/public/amsfonts/cm/cmtt9.pfb>
Output written on report.pdf (12 pages, 2605338 bytes).
PDF statistics:
 135 PDF objects out of 1000 (max. 8388607)
 79 compressed objects within 1 object stream
 0 named destinations out of 1000 (max. 500000)
 61 words of extra memory for PDF output out of 10000 (max. 10000000)

